  pushed_follower.cpp
C:\Users\the_g\Documents\bachlor_finisher\thesis\sim-runner\bobbycar-files\pushed_follower.cpp(37,156): warning C4305: "Argument": Verkürzung von "double" in "float"
C:\Users\the_g\Documents\bachlor_finisher\thesis\sim-runner\bobbycar-files\pushed_follower.cpp(37,130): warning C4244: "Argument": Konvertierung von "double" in "float", möglicher Datenverlust
C:\Users\the_g\Documents\bachlor_finisher\thesis\sim-runner\bobbycar-files\pushed_follower.cpp(37,83): warning C4244: "Argument": Konvertierung von "double" in "float", möglicher Datenverlust
C:\Users\the_g\Documents\bachlor_finisher\thesis\sim-runner\bobbycar-files\pushed_follower.cpp(37,56): warning C4244: "Argument": Konvertierung von "double" in "float", möglicher Datenverlust
C:\Users\the_g\Documents\bachlor_finisher\thesis\sim-runner\bobbycar-files\pushed_follower.cpp(45,22): warning C4018: "<": Konflikt zwischen "signed" und "unsigned"
C:\Users\the_g\Documents\bachlor_finisher\thesis\sim-runner\bobbycar-files\pushed_follower.cpp(59,22): warning C4018: "<": Konflikt zwischen "signed" und "unsigned"
C:\Users\the_g\Documents\bachlor_finisher\thesis\sim-runner\bobbycar-files\pushed_follower.cpp(81,12): warning C4244: "return": Konvertierung von "float" in "int", möglicher Datenverlust
C:\Users\the_g\Documents\bachlor_finisher\thesis\sim-runner\bobbycar-files\pushed_follower.cpp(118,20): warning C4244: "return": Konvertierung von "double" in "float", möglicher Datenverlust
C:\Users\the_g\Documents\bachlor_finisher\thesis\sim-runner\bobbycar-files\pushed_follower.cpp(125,20): warning C4244: "return": Konvertierung von "const double" in "float", möglicher Datenverlust
C:\Users\the_g\Documents\bachlor_finisher\thesis\sim-runner\bobbycar-files\pushed_follower.cpp(109,11): warning C4101: "hl_delta": Unreferenzierte lokale Variable
C:\Users\the_g\Documents\bachlor_finisher\thesis\sim-runner\bobbycar-files\pushed_follower.cpp(143,22): warning C4018: "<": Konflikt zwischen "signed" und "unsigned"
C:\Users\the_g\Documents\bachlor_finisher\thesis\sim-runner\bobbycar-files\pushed_follower.cpp(144,26): warning C4018: "<": Konflikt zwischen "signed" und "unsigned"
C:\Users\the_g\Documents\bachlor_finisher\thesis\sim-runner\bobbycar-files\pushed_follower.cpp(145,187): warning C4305: "Argument": Verkürzung von "double" in "float"
C:\Users\the_g\Documents\bachlor_finisher\thesis\sim-runner\bobbycar-files\pushed_follower.cpp(158,23): warning C4018: "<": Konflikt zwischen "signed" und "unsigned"
C:\Users\the_g\Documents\bachlor_finisher\thesis\sim-runner\bobbycar-files\pushed_follower.cpp(160,27): warning C4018: "<": Konflikt zwischen "signed" und "unsigned"
C:\Users\the_g\Documents\bachlor_finisher\thesis\sim-runner\bobbycar-files\pushed_follower.cpp(167,23): warning C4018: "<": Konflikt zwischen "signed" und "unsigned"
C:\Users\the_g\Documents\bachlor_finisher\thesis\sim-runner\bobbycar-files\pushed_follower.cpp(177,40): warning C4244: "Argument": Konvertierung von "int" in "float", möglicher Datenverlust
  simulatorMain.cpp
C:\Users\the_g\Documents\bachlor_finisher\thesis\sim-runner\simulatorMain.cpp(29,20): warning C4244: "return": Konvertierung von "double" in "float", möglicher Datenverlust
C:\Users\the_g\Documents\bachlor_finisher\thesis\sim-runner\simulatorMain.cpp(32,22): warning C4244: "return": Konvertierung von "double" in "float", möglicher Datenverlust
C:\Users\the_g\Documents\bachlor_finisher\thesis\sim-runner\simulatorMain.cpp(71,24): warning C4305: "Initialisierung": Verkürzung von "double" in "float"
C:\Users\the_g\Documents\bachlor_finisher\thesis\sim-runner\simulatorMain.cpp(71,38): warning C4305: "Initialisierung": Verkürzung von "double" in "float"
C:\Users\the_g\Documents\bachlor_finisher\thesis\sim-runner\simulatorMain.cpp(71,58): warning C4305: "Initialisierung": Verkürzung von "double" in "float"
C:\Users\the_g\Documents\bachlor_finisher\thesis\sim-runner\simulatorMain.cpp(86,97): warning C4305: "Argument": Verkürzung von "double" in "float"
C:\Users\the_g\Documents\bachlor_finisher\thesis\sim-runner\simulatorMain.cpp(90,63): warning C4244: "Argument": Konvertierung von "double" in "int", möglicher Datenverlust
C:\Users\the_g\Documents\bachlor_finisher\thesis\sim-runner\simulatorMain.cpp(90,46): warning C4244: "Argument": Konvertierung von "double" in "int", möglicher Datenverlust
C:\Users\the_g\Documents\bachlor_finisher\thesis\sim-runner\simulatorMain.cpp(90,33): warning C4244: "Argument": Konvertierung von "double" in "int", möglicher Datenverlust
C:\Users\the_g\Documents\bachlor_finisher\thesis\sim-runner\simulatorMain.cpp(114,28): warning C4305: "Argument": Verkürzung von "double" in "float"
  Code wird generiert.
  7 of 207 functions ( 3.4%) were compiled, the rest were copied from previous compilation.
    0 functions were new in current compilation
    0 functions had inline decision re-evaluated but remain unchanged
  Codegenerierung ist abgeschlossen.
  sim-runner.vcxproj -> C:\Users\the_g\Documents\bachlor_finisher\thesis\sim-runner\x64\Release\sim-runner.exe
